
=== Sat Jul 27 23:46:05 2019

Packages were changed.
Update Mode: updateDependencies

The following packages were added:
  com.unity.analytics@3.3.2
  com.unity.purchasing@2.0.6
  com.unity.ads@2.0.8
  com.unity.textmeshpro@2.0.1
  com.unity.collab-proxy@1.2.16
  com.unity.timeline@1.0.0
  com.unity.multiplayer-hlapi@1.0.2
  com.unity.xr.legacyinputhelpers@2.0.2
The following packages were updated:
  com.unity.package-manager-ui from version 1.9.11 to 2.1.2

=== Sat Dec 28 20:54:49 2019

Packages were changed.
Update Mode: updateDependencies

The following packages were added:
  com.unity.2d.tilemap@1.0.0
  com.unity.ext.nunit@1.0.0
  com.unity.test-framework@1.0.13
  com.unity.2d.sprite@1.0.0
  com.unity.ide.vscode@1.1.3
  com.unity.ide.rider@1.1.0
  com.unity.ugui@1.0.0
  com.unity.modules.androidjni@1.0.0
The following packages were updated:
  com.unity.package-manager-ui from version 2.1.2 to 2.2.0
  com.unity.timeline from version 1.0.0 to 1.1.0

=== Wed Aug  5 21:09:46 2020

Packages were changed.
Update Mode: updateDependencies

The following packages were added:
  com.unity.ide.visualstudio@2.0.2
The following packages were updated:
  com.unity.ads from version 2.0.8 to 3.4.7
  com.unity.analytics from version 3.3.2 to 3.3.5
  com.unity.collab-proxy from version 1.2.16 to 1.3.8
  com.unity.ide.rider from version 1.1.0 to 1.2.1
  com.unity.ide.vscode from version 1.1.3 to 1.2.1
  com.unity.test-framework from version 1.0.13 to 1.1.14
  com.unity.textmeshpro from version 2.0.1 to 3.0.1
  com.unity.timeline from version 1.1.0 to 1.2.6
  com.unity.xr.legacyinputhelpers from version 2.0.2 to 2.1.4
The following packages were removed:
  com.unity.package-manager-ui@2.2.0

=== Fri Jul 23 12:00:26 2021

Packages were changed.
Update Mode: updateDependencies

The following packages were updated:
  com.unity.ads from version 3.4.7 to 3.7.1
  com.unity.analytics from version 3.3.5 to 3.5.3
  com.unity.collab-proxy from version 1.3.8 to 1.5.7
  com.unity.ext.nunit from version 1.0.0 to 1.0.6
  com.unity.ide.rider from version 1.2.1 to 3.0.7
  com.unity.ide.visualstudio from version 2.0.2 to 2.0.9
  com.unity.ide.vscode from version 1.2.1 to 1.2.3
  com.unity.purchasing from version 2.0.6 to 3.2.2
  com.unity.test-framework from version 1.1.14 to 1.1.27
  com.unity.textmeshpro from version 3.0.1 to 3.0.6
  com.unity.timeline from version 1.2.6 to 1.5.5
  com.unity.xr.legacyinputhelpers from version 2.1.4 to 2.1.7

=== Mon Jan  3 13:16:43 2022

Packages were changed.
Update Mode: updateDependencies

The following packages were updated:
  com.unity.ads from version 3.7.1 to 3.7.5
  com.unity.analytics from version 3.5.3 to 3.6.12
  com.unity.collab-proxy from version 1.5.7 to 1.15.4
  com.unity.ide.visualstudio from version 2.0.11 to 2.0.12
  com.unity.ide.vscode from version 1.2.3 to 1.2.4
  com.unity.purchasing from version 3.2.2 to 4.1.1
  com.unity.test-framework from version 1.1.27 to 1.1.29
  com.unity.timeline from version 1.5.5 to 1.6.3
  com.unity.xr.legacyinputhelpers from version 2.1.7 to 2.1.8
The following packages were removed:
  com.unity.multiplayer-hlapi@1.0.6

=== Sat Aug  6 16:50:59 2022

Packages were changed.
Update Mode: updateDependencies

The following packages were updated:
  com.unity.ads from version 3.7.5 to 4.1.0
  com.unity.analytics from version 3.6.12 to 3.7.1
  com.unity.collab-proxy from version 1.15.4 to 1.15.17
  com.unity.ide.rider from version 3.0.7 to 3.0.14
  com.unity.ide.visualstudio from version 2.0.12 to 2.0.15
  com.unity.ide.vscode from version 1.2.4 to 1.2.5
  com.unity.purchasing from version 4.1.1 to 4.1.4
  com.unity.test-framework from version 1.1.29 to 1.1.31
  com.unity.timeline from version 1.6.3 to 1.7.1
  com.unity.xr.legacyinputhelpers from version 2.1.8 to 2.1.9
